app/build/intermediates/manifest_merge_blame_file/debug/manifest-merger-blame-debug-report.txt
1<?xml version="1.0" encoding="utf-8"?>
2<manifest xmlns:android="http://schemas.android.com/apk/res/android"
3    package="com.monwareclinical"
4    android:versionCode="1"
5    android:versionName="1.0" >
6
7    <uses-sdk
8        android:minSdkVersion="23"
8-->src/main/AndroidManifest.xml
9        android:targetSdkVersion="30" />
9-->src/main/AndroidManifest.xml
10
11    <uses-permission android:name="android.permission.CALL_PHONE" />
11-->src/main/AndroidManifest.xml:5:5-69
11-->src/main/AndroidManifest.xml:5:22-66
12    <uses-permission android:name="android.permission.ACCESS_NETWORK_STATE" />
12-->src/main/AndroidManifest.xml:6:5-79
12-->src/main/AndroidManifest.xml:6:22-76
13    <uses-permission android:name="android.permission.INTERNET" />
13-->src/main/AndroidManifest.xml:7:5-67
13-->src/main/AndroidManifest.xml:7:22-64
14
15    <application
15-->src/main/AndroidManifest.xml:9:5-30:19
16        android:allowBackup="true"
16-->src/main/AndroidManifest.xml:10:9-35
17        android:appComponentFactory="androidx.core.app.CoreComponentFactory"
17-->[androidx.core:core:1.1.0] AndroidManifest.xml:24:18-86
18        android:debuggable="true"
19        android:extractNativeLibs="false"
20        android:icon="@mipmap/ic_launcher"
20-->src/main/AndroidManifest.xml:11:9-43
21        android:label="@string/app_name"
21-->src/main/AndroidManifest.xml:12:9-41
22        android:roundIcon="@mipmap/ic_launcher_round"
22-->src/main/AndroidManifest.xml:13:9-54
23        android:supportsRtl="true"
23-->src/main/AndroidManifest.xml:14:9-35
24        android:testOnly="true"
25        android:theme="@style/AppTheme"
25-->src/main/AndroidManifest.xml:15:9-40
26        android:usesCleartextTraffic="true" >
26-->src/main/AndroidManifest.xml:16:9-44
27        <activity android:name="com.monwareclinical.view.ProfileActivity" />
27-->src/main/AndroidManifest.xml:17:9-58
27-->src/main/AndroidManifest.xml:17:19-55
28        <activity android:name="com.monwareclinical.view.MakeAppointmentActivity" />
28-->src/main/AndroidManifest.xml:18:9-66
28-->src/main/AndroidManifest.xml:18:19-63
29        <activity android:name="com.monwareclinical.view.PlaceActivity" />
29-->src/main/AndroidManifest.xml:19:9-56
29-->src/main/AndroidManifest.xml:19:19-53
30        <activity android:name="com.monwareclinical.view.MenuActivity" />
30-->src/main/AndroidManifest.xml:20:9-55
30-->src/main/AndroidManifest.xml:20:19-52
31        <activity android:name="com.monwareclinical.view.ForgottenPasswordActivity" />
31-->src/main/AndroidManifest.xml:21:9-68
31-->src/main/AndroidManifest.xml:21:19-65
32        <activity android:name="com.monwareclinical.view.SignUpActivity" />
32-->src/main/AndroidManifest.xml:22:9-57
32-->src/main/AndroidManifest.xml:22:19-54
33        <activity android:name="com.monwareclinical.view.LoginActivity" />
33-->src/main/AndroidManifest.xml:23:9-56
33-->src/main/AndroidManifest.xml:23:19-53
34        <activity android:name="com.monwareclinical.view.SplashScreenActivity" >
34-->src/main/AndroidManifest.xml:24:9-29:20
34-->src/main/AndroidManifest.xml:24:19-60
35            <intent-filter>
35-->src/main/AndroidManifest.xml:25:13-28:29
36                <action android:name="android.intent.action.MAIN" />
36-->src/main/AndroidManifest.xml:26:17-69
36-->src/main/AndroidManifest.xml:26:25-66
37
38                <category android:name="android.intent.category.LAUNCHER" />
38-->src/main/AndroidManifest.xml:27:17-77
38-->src/main/AndroidManifest.xml:27:27-74
39            </intent-filter>
40        </activity>
41
42        <service
42-->[com.google.firebase:firebase-storage:19.1.1] AndroidManifest.xml:30:9-36:19
43            android:name="com.google.firebase.components.ComponentDiscoveryService"
43-->[com.google.firebase:firebase-storage:19.1.1] AndroidManifest.xml:31:13-84
44            android:directBootAware="true"
44-->[com.google.firebase:firebase-common:19.3.0] AndroidManifest.xml:34:13-43
45            android:exported="false" >
45-->[com.google.firebase:firebase-storage:19.1.1] AndroidManifest.xml:32:13-37
46            <meta-data
46-->[com.google.firebase:firebase-storage:19.1.1] AndroidManifest.xml:33:13-35:85
47                android:name="com.google.firebase.components:com.google.firebase.storage.StorageRegistrar"
47-->[com.google.firebase:firebase-storage:19.1.1] AndroidManifest.xml:34:17-107
48                android:value="com.google.firebase.components.ComponentRegistrar" />
48-->[com.google.firebase:firebase-storage:19.1.1] AndroidManifest.xml:35:17-82
49            <meta-data
49-->[com.google.firebase:firebase-database:19.3.1] AndroidManifest.xml:32:13-34:85
50                android:name="com.google.firebase.components:com.google.firebase.database.DatabaseRegistrar"
50-->[com.google.firebase:firebase-database:19.3.1] AndroidManifest.xml:33:17-109
51                android:value="com.google.firebase.components.ComponentRegistrar" />
51-->[com.google.firebase:firebase-database:19.3.1] AndroidManifest.xml:34:17-82
52            <meta-data
52-->[com.google.firebase:firebase-auth:19.3.2] AndroidManifest.xml:36:13-38:85
53                android:name="com.google.firebase.components:com.google.firebase.auth.FirebaseAuthRegistrar"
53-->[com.google.firebase:firebase-auth:19.3.2] AndroidManifest.xml:37:17-109
54                android:value="com.google.firebase.components.ComponentRegistrar" />
54-->[com.google.firebase:firebase-auth:19.3.2] AndroidManifest.xml:38:17-82
55        </service>
56
57        <activity
57-->[com.google.firebase:firebase-auth:19.3.2] AndroidManifest.xml:24:9-31:50
58            android:name="com.google.firebase.auth.internal.FederatedSignInActivity"
58-->[com.google.firebase:firebase-auth:19.3.2] AndroidManifest.xml:25:13-85
59            android:excludeFromRecents="true"
59-->[com.google.firebase:firebase-auth:19.3.2] AndroidManifest.xml:26:13-46
60            android:exported="true"
60-->[com.google.firebase:firebase-auth:19.3.2] AndroidManifest.xml:27:13-36
61            android:launchMode="singleTask"
61-->[com.google.firebase:firebase-auth:19.3.2] AndroidManifest.xml:28:13-44
62            android:permission="com.google.firebase.auth.api.gms.permission.LAUNCH_FEDERATED_SIGN_IN"
62-->[com.google.firebase:firebase-auth:19.3.2] AndroidManifest.xml:29:13-102
63            android:theme="@android:style/Theme.Translucent.NoTitleBar" />
63-->[com.google.firebase:firebase-auth:19.3.2] AndroidManifest.xml:30:13-72
64
65        <provider
65-->[com.google.firebase:firebase-common:19.3.0] AndroidManifest.xml:26:9-30:39
66            android:name="com.google.firebase.provider.FirebaseInitProvider"
66-->[com.google.firebase:firebase-common:19.3.0] AndroidManifest.xml:27:13-77
67            android:authorities="com.monwareclinical.firebaseinitprovider"
67-->[com.google.firebase:firebase-common:19.3.0] AndroidManifest.xml:28:13-72
68            android:exported="false"
68-->[com.google.firebase:firebase-common:19.3.0] AndroidManifest.xml:29:13-37
69            android:initOrder="100" />
69-->[com.google.firebase:firebase-common:19.3.0] AndroidManifest.xml:30:13-36
70
71        <activity
71-->[com.google.android.gms:play-services-base:17.1.0] AndroidManifest.xml:23:9-26:75
72            android:name="com.google.android.gms.common.api.GoogleApiActivity"
72-->[com.google.android.gms:play-services-base:17.1.0] AndroidManifest.xml:24:13-79
73            android:exported="false"
73-->[com.google.android.gms:play-services-base:17.1.0] AndroidManifest.xml:25:13-37
74            android:theme="@android:style/Theme.Translucent.NoTitleBar" />
74-->[com.google.android.gms:play-services-base:17.1.0] AndroidManifest.xml:26:13-72
75
76        <meta-data
76-->[com.google.android.gms:play-services-basement:17.0.0] AndroidManifest.xml:23:9-25:69
77            android:name="com.google.android.gms.version"
77-->[com.google.android.gms:play-services-basement:17.0.0] AndroidManifest.xml:24:13-58
78            android:value="@integer/google_play_services_version" />
78-->[com.google.android.gms:play-services-basement:17.0.0] AndroidManifest.xml:25:13-66
79
80        <provider
80-->[androidx.lifecycle:lifecycle-process:2.2.0] AndroidManifest.xml:25:9-29:43
81            android:name="androidx.lifecycle.ProcessLifecycleOwnerInitializer"
81-->[androidx.lifecycle:lifecycle-process:2.2.0] AndroidManifest.xml:26:13-79
82            android:authorities="com.monwareclinical.lifecycle-process"
82-->[androidx.lifecycle:lifecycle-process:2.2.0] AndroidManifest.xml:27:13-69
83            android:exported="false"
83-->[androidx.lifecycle:lifecycle-process:2.2.0] AndroidManifest.xml:28:13-37
84            android:multiprocess="true" />
84-->[androidx.lifecycle:lifecycle-process:2.2.0] AndroidManifest.xml:29:13-40
85    </application>
86
87</manifest>